2025-08-24T16:17:28.866951Z 0 [Warning] [MY-010097] [Server] Insecure configuration for --secure-file-priv: Current value does not restrict location of generated files. Consider setting it to a valid, non-empty path.
2025-08-24T16:17:28.867031Z 0 [Warning] [MY-010918] [Server] 'default_authentication_plugin' is deprecated and will be removed in a future release. Please use authentication_policy instead.
2025-08-24T16:17:28.867077Z 0 [System] [MY-010116] [Server] E:\laragon\bin\mysql\mysql-8.0.30-winx64\bin\mysqld (mysqld 8.0.30) starting as process 5332
2025-08-24T16:17:28.893059Z 1 [System] [MY-013576] [InnoDB] InnoDB initialization has started.
2025-08-24T16:17:29.076823Z 1 [System] [MY-013577] [InnoDB] InnoDB initialization has ended.
2025-08-24T16:17:29.495797Z 0 [Warning] [MY-013829] [Server] Missing data directory for ICU regular expressions: E:\laragon\bin\mysql\mysql-8.0.30-winx64\lib\private\.
2025-08-24T16:17:29.498884Z 0 [Warning] [MY-010068] [Server] CA certificate ca.pem is self signed.
2025-08-24T16:17:29.499192Z 0 [System] [MY-013602] [Server] Channel mysql_main configured to support TLS. Encrypted connections are now supported for this channel.
2025-08-24T16:17:29.558254Z 0 [System] [MY-011323] [Server] X Plugin ready for connections. Bind-address: '::' port: 33060
2025-08-24T16:17:29.558435Z 0 [System] [MY-010931] [Server] E:\laragon\bin\mysql\mysql-8.0.30-winx64\bin\mysqld: ready for connections. Version: '8.0.30'  socket: ''  port: 3306  MySQL Community Server - GPL.
2025-08-24T17:33:42.673598Z 0 [Warning] [MY-010097] [Server] Insecure configuration for --secure-file-priv: Current value does not restrict location of generated files. Consider setting it to a valid, non-empty path.
2025-08-24T17:33:42.674222Z 0 [Warning] [MY-010918] [Server] 'default_authentication_plugin' is deprecated and will be removed in a future release. Please use authentication_policy instead.
2025-08-24T17:33:42.674258Z 0 [System] [MY-010116] [Server] E:\laragon\bin\mysql\mysql-8.0.30-winx64\bin\mysqld (mysqld 8.0.30) starting as process 1396
2025-08-24T17:33:42.721705Z 1 [System] [MY-013576] [InnoDB] InnoDB initialization has started.
2025-08-24T17:33:43.247952Z 1 [System] [MY-013577] [InnoDB] InnoDB initialization has ended.
2025-08-24T17:33:43.558994Z 0 [System] [MY-010229] [Server] Starting XA crash recovery...
2025-08-24T17:33:43.564497Z 0 [System] [MY-010232] [Server] XA crash recovery finished.
2025-08-24T17:33:43.613994Z 0 [Warning] [MY-013829] [Server] Missing data directory for ICU regular expressions: E:\laragon\bin\mysql\mysql-8.0.30-winx64\lib\private\.
2025-08-24T17:33:43.627661Z 0 [Warning] [MY-010068] [Server] CA certificate ca.pem is self signed.
2025-08-24T17:33:43.628050Z 0 [System] [MY-013602] [Server] Channel mysql_main configured to support TLS. Encrypted connections are now supported for this channel.
2025-08-24T17:33:43.682871Z 0 [System] [MY-011323] [Server] X Plugin ready for connections. Bind-address: '::' port: 33060
2025-08-24T17:33:43.682992Z 0 [System] [MY-010931] [Server] E:\laragon\bin\mysql\mysql-8.0.30-winx64\bin\mysqld: ready for connections. Version: '8.0.30'  socket: ''  port: 3306  MySQL Community Server - GPL.
2025-08-24T18:00:44.093183Z 25 [System] [MY-013172] [Server] Received SHUTDOWN from user root. Shutting down mysqld (Version: 8.0.30).
2025-08-24T18:00:44.093786Z 0 [System] [MY-013105] [Server] E:\laragon\bin\mysql\mysql-8.0.30-winx64\bin\mysqld: Normal shutdown.
2025-08-24T18:00:47.148110Z 0 [System] [MY-010910] [Server] E:\laragon\bin\mysql\mysql-8.0.30-winx64\bin\mysqld: Shutdown complete (mysqld 8.0.30)  MySQL Community Server - GPL.
2025-08-25T06:34:01.847869Z 0 [Warning] [MY-010097] [Server] Insecure configuration for --secure-file-priv: Current value does not restrict location of generated files. Consider setting it to a valid, non-empty path.
2025-08-25T06:34:01.848619Z 0 [Warning] [MY-010918] [Server] 'default_authentication_plugin' is deprecated and will be removed in a future release. Please use authentication_policy instead.
2025-08-25T06:34:01.848669Z 0 [System] [MY-010116] [Server] E:\laragon\bin\mysql\mysql-8.0.30-winx64\bin\mysqld (mysqld 8.0.30) starting as process 1236
2025-08-25T06:34:01.900291Z 1 [System] [MY-013576] [InnoDB] InnoDB initialization has started.
2025-08-25T06:34:02.143867Z 1 [System] [MY-013577] [InnoDB] InnoDB initialization has ended.
2025-08-25T06:34:02.613606Z 0 [Warning] [MY-013829] [Server] Missing data directory for ICU regular expressions: E:\laragon\bin\mysql\mysql-8.0.30-winx64\lib\private\.
2025-08-25T06:34:02.628524Z 0 [Warning] [MY-010068] [Server] CA certificate ca.pem is self signed.
2025-08-25T06:34:02.628905Z 0 [System] [MY-013602] [Server] Channel mysql_main configured to support TLS. Encrypted connections are now supported for this channel.
2025-08-25T06:34:02.709223Z 0 [System] [MY-011323] [Server] X Plugin ready for connections. Bind-address: '::' port: 33060
2025-08-25T06:34:02.709476Z 0 [System] [MY-010931] [Server] E:\laragon\bin\mysql\mysql-8.0.30-winx64\bin\mysqld: ready for connections. Version: '8.0.30'  socket: ''  port: 3306  MySQL Community Server - GPL.
2025-08-25T18:21:01.067056Z 182 [System] [MY-013172] [Server] Received SHUTDOWN from user root. Shutting down mysqld (Version: 8.0.30).
2025-08-25T18:21:01.068669Z 0 [System] [MY-013105] [Server] E:\laragon\bin\mysql\mysql-8.0.30-winx64\bin\mysqld: Normal shutdown.
2025-08-25T18:21:03.082382Z 0 [Warning] [MY-010909] [Server] E:\laragon\bin\mysql\mysql-8.0.30-winx64\bin\mysqld: Forcing close of thread 9  user: 'root'.
2025-08-25T18:21:03.593711Z 0 [System] [MY-010910] [Server] E:\laragon\bin\mysql\mysql-8.0.30-winx64\bin\mysqld: Shutdown complete (mysqld 8.0.30)  MySQL Community Server - GPL.
2025-08-27T08:07:18.449203Z 0 [Warning] [MY-010097] [Server] Insecure configuration for --secure-file-priv: Current value does not restrict location of generated files. Consider setting it to a valid, non-empty path.
2025-08-27T08:07:18.449826Z 0 [Warning] [MY-010918] [Server] 'default_authentication_plugin' is deprecated and will be removed in a future release. Please use authentication_policy instead.
2025-08-27T08:07:18.449868Z 0 [System] [MY-010116] [Server] E:\laragon\bin\mysql\mysql-8.0.30-winx64\bin\mysqld (mysqld 8.0.30) starting as process 5972
2025-08-27T08:07:18.494318Z 1 [System] [MY-013576] [InnoDB] InnoDB initialization has started.
2025-08-27T08:07:18.746966Z 1 [System] [MY-013577] [InnoDB] InnoDB initialization has ended.
2025-08-27T08:07:19.135625Z 0 [Warning] [MY-013829] [Server] Missing data directory for ICU regular expressions: E:\laragon\bin\mysql\mysql-8.0.30-winx64\lib\private\.
2025-08-27T08:07:19.150950Z 0 [Warning] [MY-010068] [Server] CA certificate ca.pem is self signed.
2025-08-27T08:07:19.151412Z 0 [System] [MY-013602] [Server] Channel mysql_main configured to support TLS. Encrypted connections are now supported for this channel.
2025-08-27T08:07:19.229648Z 0 [System] [MY-011323] [Server] X Plugin ready for connections. Bind-address: '::' port: 33060
2025-08-27T08:07:19.229790Z 0 [System] [MY-010931] [Server] E:\laragon\bin\mysql\mysql-8.0.30-winx64\bin\mysqld: ready for connections. Version: '8.0.30'  socket: ''  port: 3306  MySQL Community Server - GPL.
2025-08-28T11:36:36.502940Z 0 [Warning] [MY-010097] [Server] Insecure configuration for --secure-file-priv: Current value does not restrict location of generated files. Consider setting it to a valid, non-empty path.
2025-08-28T11:36:36.503580Z 0 [Warning] [MY-010918] [Server] 'default_authentication_plugin' is deprecated and will be removed in a future release. Please use authentication_policy instead.
2025-08-28T11:36:36.503622Z 0 [System] [MY-010116] [Server] E:\laragon\bin\mysql\mysql-8.0.30-winx64\bin\mysqld (mysqld 8.0.30) starting as process 5868
2025-08-28T11:36:36.548544Z 1 [System] [MY-013576] [InnoDB] InnoDB initialization has started.
2025-08-28T11:36:36.977865Z 1 [System] [MY-013577] [InnoDB] InnoDB initialization has ended.
2025-08-28T11:36:37.276771Z 0 [System] [MY-010229] [Server] Starting XA crash recovery...
2025-08-28T11:36:37.280572Z 0 [System] [MY-010232] [Server] XA crash recovery finished.
2025-08-28T11:36:37.321504Z 0 [Warning] [MY-013829] [Server] Missing data directory for ICU regular expressions: E:\laragon\bin\mysql\mysql-8.0.30-winx64\lib\private\.
2025-08-28T11:36:37.335756Z 0 [Warning] [MY-010068] [Server] CA certificate ca.pem is self signed.
2025-08-28T11:36:37.336166Z 0 [System] [MY-013602] [Server] Channel mysql_main configured to support TLS. Encrypted connections are now supported for this channel.
2025-08-28T11:36:37.384786Z 0 [System] [MY-011323] [Server] X Plugin ready for connections. Bind-address: '::' port: 33060
2025-08-28T11:36:37.384879Z 0 [System] [MY-010931] [Server] E:\laragon\bin\mysql\mysql-8.0.30-winx64\bin\mysqld: ready for connections. Version: '8.0.30'  socket: ''  port: 3306  MySQL Community Server - GPL.
2025-08-28T11:36:37.844856Z 8 [System] [MY-013172] [Server] Received SHUTDOWN from user root. Shutting down mysqld (Version: 8.0.30).
2025-08-28T11:36:37.845538Z 0 [System] [MY-013105] [Server] E:\laragon\bin\mysql\mysql-8.0.30-winx64\bin\mysqld: Normal shutdown.
2025-08-28T11:36:38.612012Z 0 [System] [MY-010910] [Server] E:\laragon\bin\mysql\mysql-8.0.30-winx64\bin\mysqld: Shutdown complete (mysqld 8.0.30)  MySQL Community Server - GPL.
2025-08-28T11:36:47.076808Z 0 [Warning] [MY-010097] [Server] Insecure configuration for --secure-file-priv: Current value does not restrict location of generated files. Consider setting it to a valid, non-empty path.
2025-08-28T11:36:47.076863Z 0 [Warning] [MY-010918] [Server] 'default_authentication_plugin' is deprecated and will be removed in a future release. Please use authentication_policy instead.
2025-08-28T11:36:47.076894Z 0 [System] [MY-010116] [Server] E:\laragon\bin\mysql\mysql-8.0.30-winx64\bin\mysqld (mysqld 8.0.30) starting as process 14228
2025-08-28T11:36:47.095072Z 1 [System] [MY-013576] [InnoDB] InnoDB initialization has started.
2025-08-28T11:36:47.306467Z 1 [System] [MY-013577] [InnoDB] InnoDB initialization has ended.
2025-08-28T11:36:47.608812Z 0 [Warning] [MY-013829] [Server] Missing data directory for ICU regular expressions: E:\laragon\bin\mysql\mysql-8.0.30-winx64\lib\private\.
2025-08-28T11:36:47.613971Z 0 [Warning] [MY-010068] [Server] CA certificate ca.pem is self signed.
2025-08-28T11:36:47.614341Z 0 [System] [MY-013602] [Server] Channel mysql_main configured to support TLS. Encrypted connections are now supported for this channel.
2025-08-28T11:36:47.659632Z 0 [System] [MY-011323] [Server] X Plugin ready for connections. Bind-address: '::' port: 33060
2025-08-28T11:36:47.659722Z 0 [System] [MY-010931] [Server] E:\laragon\bin\mysql\mysql-8.0.30-winx64\bin\mysqld: ready for connections. Version: '8.0.30'  socket: ''  port: 3306  MySQL Community Server - GPL.
2025-08-28T15:14:52.362151Z 79 [System] [MY-013172] [Server] Received SHUTDOWN from user root. Shutting down mysqld (Version: 8.0.30).
2025-08-28T15:14:52.363677Z 0 [System] [MY-013105] [Server] E:\laragon\bin\mysql\mysql-8.0.30-winx64\bin\mysqld: Normal shutdown.
2025-08-28T15:14:52.927753Z 0 [System] [MY-010910] [Server] E:\laragon\bin\mysql\mysql-8.0.30-winx64\bin\mysqld: Shutdown complete (mysqld 8.0.30)  MySQL Community Server - GPL.
2025-10-05T12:37:17.555223Z 0 [Warning] [MY-010097] [Server] Insecure configuration for --secure-file-priv: Current value does not restrict location of generated files. Consider setting it to a valid, non-empty path.
2025-10-05T12:37:17.555313Z 0 [Warning] [MY-010918] [Server] 'default_authentication_plugin' is deprecated and will be removed in a future release. Please use authentication_policy instead.
2025-10-05T12:37:17.555368Z 0 [System] [MY-010116] [Server] E:\laragon\bin\mysql\mysql-8.0.30-winx64\bin\mysqld (mysqld 8.0.30) starting as process 7888
2025-10-05T12:37:17.590151Z 1 [System] [MY-013576] [InnoDB] InnoDB initialization has started.
2025-10-05T12:37:17.865596Z 1 [System] [MY-013577] [InnoDB] InnoDB initialization has ended.
2025-10-05T12:37:18.409492Z 0 [Warning] [MY-013829] [Server] Missing data directory for ICU regular expressions: E:\laragon\bin\mysql\mysql-8.0.30-winx64\lib\private\.
2025-10-05T12:37:18.418707Z 0 [Warning] [MY-010068] [Server] CA certificate ca.pem is self signed.
2025-10-05T12:37:18.419486Z 0 [System] [MY-013602] [Server] Channel mysql_main configured to support TLS. Encrypted connections are now supported for this channel.
2025-10-05T12:37:18.498826Z 0 [System] [MY-011323] [Server] X Plugin ready for connections. Bind-address: '::' port: 33060
2025-10-05T12:37:18.499059Z 0 [System] [MY-010931] [Server] E:\laragon\bin\mysql\mysql-8.0.30-winx64\bin\mysqld: ready for connections. Version: '8.0.30'  socket: ''  port: 3306  MySQL Community Server - GPL.
2025-10-05T12:40:31.543846Z 8 [System] [MY-013172] [Server] Received SHUTDOWN from user root. Shutting down mysqld (Version: 8.0.30).
2025-10-05T12:40:31.544688Z 0 [System] [MY-013105] [Server] E:\laragon\bin\mysql\mysql-8.0.30-winx64\bin\mysqld: Normal shutdown.
2025-10-05T12:40:32.718521Z 0 [System] [MY-010910] [Server] E:\laragon\bin\mysql\mysql-8.0.30-winx64\bin\mysqld: Shutdown complete (mysqld 8.0.30)  MySQL Community Server - GPL.
2025-10-05T18:08:35.194469Z 0 [Warning] [MY-010097] [Server] Insecure configuration for --secure-file-priv: Current value does not restrict location of generated files. Consider setting it to a valid, non-empty path.
2025-10-05T18:08:35.195192Z 0 [Warning] [MY-010918] [Server] 'default_authentication_plugin' is deprecated and will be removed in a future release. Please use authentication_policy instead.
2025-10-05T18:08:35.195230Z 0 [System] [MY-010116] [Server] E:\laragon\bin\mysql\mysql-8.0.30-winx64\bin\mysqld (mysqld 8.0.30) starting as process 7264
2025-10-05T18:08:35.243676Z 1 [System] [MY-013576] [InnoDB] InnoDB initialization has started.
2025-10-05T18:08:35.494781Z 1 [System] [MY-013577] [InnoDB] InnoDB initialization has ended.
2025-10-05T18:08:35.895040Z 0 [Warning] [MY-013829] [Server] Missing data directory for ICU regular expressions: E:\laragon\bin\mysql\mysql-8.0.30-winx64\lib\private\.
2025-10-05T18:08:35.913794Z 0 [Warning] [MY-010068] [Server] CA certificate ca.pem is self signed.
2025-10-05T18:08:35.914174Z 0 [System] [MY-013602] [Server] Channel mysql_main configured to support TLS. Encrypted connections are now supported for this channel.
2025-10-05T18:08:35.970680Z 0 [System] [MY-011323] [Server] X Plugin ready for connections. Bind-address: '::' port: 33060
2025-10-05T18:08:35.970821Z 0 [System] [MY-010931] [Server] E:\laragon\bin\mysql\mysql-8.0.30-winx64\bin\mysqld: ready for connections. Version: '8.0.30'  socket: ''  port: 3306  MySQL Community Server - GPL.
2025-10-05T18:10:29.336084Z 10 [System] [MY-013172] [Server] Received SHUTDOWN from user root. Shutting down mysqld (Version: 8.0.30).
2025-10-05T18:10:29.336804Z 0 [System] [MY-013105] [Server] E:\laragon\bin\mysql\mysql-8.0.30-winx64\bin\mysqld: Normal shutdown.
2025-10-05T18:10:29.583968Z 0 [System] [MY-010910] [Server] E:\laragon\bin\mysql\mysql-8.0.30-winx64\bin\mysqld: Shutdown complete (mysqld 8.0.30)  MySQL Community Server - GPL.
2025-10-14T13:21:24.783295Z 0 [Warning] [MY-010097] [Server] Insecure configuration for --secure-file-priv: Current value does not restrict location of generated files. Consider setting it to a valid, non-empty path.
2025-10-14T13:21:24.783351Z 0 [Warning] [MY-010918] [Server] 'default_authentication_plugin' is deprecated and will be removed in a future release. Please use authentication_policy instead.
2025-10-14T13:21:24.783382Z 0 [System] [MY-010116] [Server] E:\laragon\bin\mysql\mysql-8.0.30-winx64\bin\mysqld (mysqld 8.0.30) starting as process 7272
2025-10-14T13:21:24.805607Z 1 [System] [MY-013576] [InnoDB] InnoDB initialization has started.
2025-10-14T13:21:25.023396Z 1 [System] [MY-013577] [InnoDB] InnoDB initialization has ended.
2025-10-14T13:21:25.321132Z 0 [Warning] [MY-013829] [Server] Missing data directory for ICU regular expressions: E:\laragon\bin\mysql\mysql-8.0.30-winx64\lib\private\.
2025-10-14T13:21:25.325857Z 0 [Warning] [MY-010068] [Server] CA certificate ca.pem is self signed.
2025-10-14T13:21:25.326235Z 0 [System] [MY-013602] [Server] Channel mysql_main configured to support TLS. Encrypted connections are now supported for this channel.
2025-10-14T13:21:25.365781Z 0 [System] [MY-011323] [Server] X Plugin ready for connections. Bind-address: '::' port: 33060
2025-10-14T13:21:25.365856Z 0 [System] [MY-010931] [Server] E:\laragon\bin\mysql\mysql-8.0.30-winx64\bin\mysqld: ready for connections. Version: '8.0.30'  socket: ''  port: 3306  MySQL Community Server - GPL.
2025-10-14T13:21:35.193721Z 8 [System] [MY-013172] [Server] Received SHUTDOWN from user root. Shutting down mysqld (Version: 8.0.30).
2025-10-14T13:21:35.194315Z 0 [System] [MY-013105] [Server] E:\laragon\bin\mysql\mysql-8.0.30-winx64\bin\mysqld: Normal shutdown.
2025-10-14T13:21:35.468996Z 0 [System] [MY-010910] [Server] E:\laragon\bin\mysql\mysql-8.0.30-winx64\bin\mysqld: Shutdown complete (mysqld 8.0.30)  MySQL Community Server - GPL.
2025-10-19T05:23:01.421450Z 0 [Warning] [MY-010097] [Server] Insecure configuration for --secure-file-priv: Current value does not restrict location of generated files. Consider setting it to a valid, non-empty path.
2025-10-19T05:23:01.421530Z 0 [Warning] [MY-010918] [Server] 'default_authentication_plugin' is deprecated and will be removed in a future release. Please use authentication_policy instead.
2025-10-19T05:23:01.421566Z 0 [System] [MY-010116] [Server] E:\laragon\bin\mysql\mysql-8.0.30-winx64\bin\mysqld (mysqld 8.0.30) starting as process 3752
2025-10-19T05:23:01.451394Z 1 [System] [MY-013576] [InnoDB] InnoDB initialization has started.
2025-10-19T05:23:01.680263Z 1 [System] [MY-013577] [InnoDB] InnoDB initialization has ended.
2025-10-19T05:23:02.065507Z 0 [Warning] [MY-013829] [Server] Missing data directory for ICU regular expressions: E:\laragon\bin\mysql\mysql-8.0.30-winx64\lib\private\.
2025-10-19T05:23:02.075749Z 0 [Warning] [MY-010068] [Server] CA certificate ca.pem is self signed.
2025-10-19T05:23:02.076150Z 0 [System] [MY-013602] [Server] Channel mysql_main configured to support TLS. Encrypted connections are now supported for this channel.
2025-10-19T05:23:02.128652Z 0 [System] [MY-011323] [Server] X Plugin ready for connections. Bind-address: '::' port: 33060
2025-10-19T05:23:02.128762Z 0 [System] [MY-010931] [Server] E:\laragon\bin\mysql\mysql-8.0.30-winx64\bin\mysqld: ready for connections. Version: '8.0.30'  socket: ''  port: 3306  MySQL Community Server - GPL.
2025-10-19T05:23:05.725219Z 8 [System] [MY-013172] [Server] Received SHUTDOWN from user root. Shutting down mysqld (Version: 8.0.30).
2025-10-19T05:23:05.725893Z 0 [System] [MY-013105] [Server] E:\laragon\bin\mysql\mysql-8.0.30-winx64\bin\mysqld: Normal shutdown.
2025-10-19T05:23:05.959115Z 0 [System] [MY-010910] [Server] E:\laragon\bin\mysql\mysql-8.0.30-winx64\bin\mysqld: Shutdown complete (mysqld 8.0.30)  MySQL Community Server - GPL.
2025-10-19T05:26:00.373200Z 0 [Warning] [MY-010097] [Server] Insecure configuration for --secure-file-priv: Current value does not restrict location of generated files. Consider setting it to a valid, non-empty path.
2025-10-19T05:26:00.373258Z 0 [Warning] [MY-010918] [Server] 'default_authentication_plugin' is deprecated and will be removed in a future release. Please use authentication_policy instead.
2025-10-19T05:26:00.373287Z 0 [System] [MY-010116] [Server] E:\laragon\bin\mysql\mysql-8.0.30-winx64\bin\mysqld (mysqld 8.0.30) starting as process 4288
2025-10-19T05:26:00.402774Z 1 [System] [MY-013576] [InnoDB] InnoDB initialization has started.
2025-10-19T05:26:00.629605Z 1 [System] [MY-013577] [InnoDB] InnoDB initialization has ended.
2025-10-19T05:26:01.010222Z 0 [Warning] [MY-013829] [Server] Missing data directory for ICU regular expressions: E:\laragon\bin\mysql\mysql-8.0.30-winx64\lib\private\.
2025-10-19T05:26:01.014833Z 0 [Warning] [MY-010068] [Server] CA certificate ca.pem is self signed.
2025-10-19T05:26:01.015340Z 0 [System] [MY-013602] [Server] Channel mysql_main configured to support TLS. Encrypted connections are now supported for this channel.
2025-10-19T05:26:01.052951Z 0 [System] [MY-011323] [Server] X Plugin ready for connections. Bind-address: '::' port: 33060
2025-10-19T05:26:01.053075Z 0 [System] [MY-010931] [Server] E:\laragon\bin\mysql\mysql-8.0.30-winx64\bin\mysqld: ready for connections. Version: '8.0.30'  socket: ''  port: 3306  MySQL Community Server - GPL.
2025-10-19T05:26:16.287974Z 9 [System] [MY-013172] [Server] Received SHUTDOWN from user root. Shutting down mysqld (Version: 8.0.30).
2025-10-19T05:26:16.288549Z 0 [System] [MY-013105] [Server] E:\laragon\bin\mysql\mysql-8.0.30-winx64\bin\mysqld: Normal shutdown.
2025-10-19T05:26:17.090080Z 0 [System] [MY-010910] [Server] E:\laragon\bin\mysql\mysql-8.0.30-winx64\bin\mysqld: Shutdown complete (mysqld 8.0.30)  MySQL Community Server - GPL.
2025-10-26T15:49:55.175929Z 0 [Warning] [MY-010097] [Server] Insecure configuration for --secure-file-priv: Current value does not restrict location of generated files. Consider setting it to a valid, non-empty path.
2025-10-26T15:49:55.176184Z 0 [Warning] [MY-010918] [Server] 'default_authentication_plugin' is deprecated and will be removed in a future release. Please use authentication_policy instead.
2025-10-26T15:49:55.176226Z 0 [System] [MY-010116] [Server] E:\laragon\bin\mysql\mysql-8.0.30-winx64\bin\mysqld (mysqld 8.0.30) starting as process 10564
2025-10-26T15:49:55.202194Z 1 [System] [MY-013576] [InnoDB] InnoDB initialization has started.
2025-10-26T15:49:55.439415Z 1 [System] [MY-013577] [InnoDB] InnoDB initialization has ended.
2025-10-26T15:49:55.823838Z 0 [Warning] [MY-013829] [Server] Missing data directory for ICU regular expressions: E:\laragon\bin\mysql\mysql-8.0.30-winx64\lib\private\.
2025-10-26T15:49:55.832445Z 0 [Warning] [MY-010068] [Server] CA certificate ca.pem is self signed.
2025-10-26T15:49:55.832814Z 0 [System] [MY-013602] [Server] Channel mysql_main configured to support TLS. Encrypted connections are now supported for this channel.
2025-10-26T15:49:55.880819Z 0 [System] [MY-011323] [Server] X Plugin ready for connections. Bind-address: '::' port: 33060
2025-10-26T15:49:55.880888Z 0 [System] [MY-010931] [Server] E:\laragon\bin\mysql\mysql-8.0.30-winx64\bin\mysqld: ready for connections. Version: '8.0.30'  socket: ''  port: 3306  MySQL Community Server - GPL.
2025-10-26T15:50:00.936476Z 8 [System] [MY-013172] [Server] Received SHUTDOWN from user root. Shutting down mysqld (Version: 8.0.30).
2025-10-26T15:50:00.937125Z 0 [System] [MY-013105] [Server] E:\laragon\bin\mysql\mysql-8.0.30-winx64\bin\mysqld: Normal shutdown.
2025-10-26T15:50:01.811521Z 0 [System] [MY-010910] [Server] E:\laragon\bin\mysql\mysql-8.0.30-winx64\bin\mysqld: Shutdown complete (mysqld 8.0.30)  MySQL Community Server - GPL.
2025-10-30T09:33:56.671858Z 0 [Warning] [MY-010097] [Server] Insecure configuration for --secure-file-priv: Current value does not restrict location of generated files. Consider setting it to a valid, non-empty path.
2025-10-30T09:33:56.672548Z 0 [Warning] [MY-010918] [Server] 'default_authentication_plugin' is deprecated and will be removed in a future release. Please use authentication_policy instead.
2025-10-30T09:33:56.672588Z 0 [System] [MY-010116] [Server] E:\laragon\bin\mysql\mysql-8.0.30-winx64\bin\mysqld (mysqld 8.0.30) starting as process 21156
2025-10-30T09:33:56.721701Z 1 [System] [MY-013576] [InnoDB] InnoDB initialization has started.
2025-10-30T09:33:56.955655Z 1 [System] [MY-013577] [InnoDB] InnoDB initialization has ended.
2025-10-30T09:33:57.298428Z 0 [Warning] [MY-013829] [Server] Missing data directory for ICU regular expressions: E:\laragon\bin\mysql\mysql-8.0.30-winx64\lib\private\.
2025-10-30T09:33:57.327832Z 0 [Warning] [MY-010068] [Server] CA certificate ca.pem is self signed.
2025-10-30T09:33:57.328429Z 0 [System] [MY-013602] [Server] Channel mysql_main configured to support TLS. Encrypted connections are now supported for this channel.
2025-10-30T09:33:57.386948Z 0 [System] [MY-011323] [Server] X Plugin ready for connections. Bind-address: '::' port: 33060
2025-10-30T09:33:57.387120Z 0 [System] [MY-010931] [Server] E:\laragon\bin\mysql\mysql-8.0.30-winx64\bin\mysqld: ready for connections. Version: '8.0.30'  socket: ''  port: 3306  MySQL Community Server - GPL.
2025-10-31T10:52:53.456938Z 0 [Warning] [MY-010097] [Server] Insecure configuration for --secure-file-priv: Current value does not restrict location of generated files. Consider setting it to a valid, non-empty path.
2025-10-31T10:52:53.457848Z 0 [Warning] [MY-010918] [Server] 'default_authentication_plugin' is deprecated and will be removed in a future release. Please use authentication_policy instead.
2025-10-31T10:52:53.457931Z 0 [System] [MY-010116] [Server] E:\laragon\bin\mysql\mysql-8.0.30-winx64\bin\mysqld (mysqld 8.0.30) starting as process 17008
2025-10-31T10:52:53.515561Z 1 [System] [MY-013576] [InnoDB] InnoDB initialization has started.
2025-10-31T10:52:54.068644Z 1 [System] [MY-013577] [InnoDB] InnoDB initialization has ended.
2025-10-31T10:52:54.458893Z 0 [System] [MY-010229] [Server] Starting XA crash recovery...
2025-10-31T10:52:54.463825Z 0 [System] [MY-010232] [Server] XA crash recovery finished.
2025-10-31T10:52:54.560583Z 0 [Warning] [MY-013829] [Server] Missing data directory for ICU regular expressions: E:\laragon\bin\mysql\mysql-8.0.30-winx64\lib\private\.
2025-10-31T10:52:54.574706Z 0 [Warning] [MY-010068] [Server] CA certificate ca.pem is self signed.
2025-10-31T10:52:54.575011Z 0 [System] [MY-013602] [Server] Channel mysql_main configured to support TLS. Encrypted connections are now supported for this channel.
2025-10-31T10:52:54.637656Z 0 [System] [MY-011323] [Server] X Plugin ready for connections. Bind-address: '::' port: 33060
2025-10-31T10:52:54.637893Z 0 [System] [MY-010931] [Server] E:\laragon\bin\mysql\mysql-8.0.30-winx64\bin\mysqld: ready for connections. Version: '8.0.30'  socket: ''  port: 3306  MySQL Community Server - GPL.
2025-10-31T16:52:14.430300Z 8 [System] [MY-013172] [Server] Received SHUTDOWN from user root. Shutting down mysqld (Version: 8.0.30).
2025-10-31T16:52:14.432080Z 0 [System] [MY-013105] [Server] E:\laragon\bin\mysql\mysql-8.0.30-winx64\bin\mysqld: Normal shutdown.
2025-10-31T16:52:15.132603Z 0 [System] [MY-010910] [Server] E:\laragon\bin\mysql\mysql-8.0.30-winx64\bin\mysqld: Shutdown complete (mysqld 8.0.30)  MySQL Community Server - GPL.
2025-11-01T15:27:30.159850Z 0 [Warning] [MY-010097] [Server] Insecure configuration for --secure-file-priv: Current value does not restrict location of generated files. Consider setting it to a valid, non-empty path.
2025-11-01T15:27:30.160585Z 0 [Warning] [MY-010918] [Server] 'default_authentication_plugin' is deprecated and will be removed in a future release. Please use authentication_policy instead.
2025-11-01T15:27:30.160640Z 0 [System] [MY-010116] [Server] E:\laragon\bin\mysql\mysql-8.0.30-winx64\bin\mysqld (mysqld 8.0.30) starting as process 6904
2025-11-01T15:27:30.208063Z 1 [System] [MY-013576] [InnoDB] InnoDB initialization has started.
2025-11-01T15:27:30.455485Z 1 [System] [MY-013577] [InnoDB] InnoDB initialization has ended.
2025-11-01T15:27:30.811414Z 0 [Warning] [MY-013829] [Server] Missing data directory for ICU regular expressions: E:\laragon\bin\mysql\mysql-8.0.30-winx64\lib\private\.
2025-11-01T15:27:30.831799Z 0 [Warning] [MY-010068] [Server] CA certificate ca.pem is self signed.
2025-11-01T15:27:30.832114Z 0 [System] [MY-013602] [Server] Channel mysql_main configured to support TLS. Encrypted connections are now supported for this channel.
2025-11-01T15:27:30.928033Z 0 [System] [MY-011323] [Server] X Plugin ready for connections. Bind-address: '::' port: 33060
2025-11-01T15:27:30.928187Z 0 [System] [MY-010931] [Server] E:\laragon\bin\mysql\mysql-8.0.30-winx64\bin\mysqld: ready for connections. Version: '8.0.30'  socket: ''  port: 3306  MySQL Community Server - GPL.
2025-11-01T16:06:05.425966Z 77 [System] [MY-013172] [Server] Received SHUTDOWN from user root. Shutting down mysqld (Version: 8.0.30).
2025-11-01T16:06:05.426765Z 0 [System] [MY-013105] [Server] E:\laragon\bin\mysql\mysql-8.0.30-winx64\bin\mysqld: Normal shutdown.
2025-11-01T16:06:06.055180Z 0 [System] [MY-010910] [Server] E:\laragon\bin\mysql\mysql-8.0.30-winx64\bin\mysqld: Shutdown complete (mysqld 8.0.30)  MySQL Community Server - GPL.
2025-11-02T08:02:11.296143Z 0 [Warning] [MY-010097] [Server] Insecure configuration for --secure-file-priv: Current value does not restrict location of generated files. Consider setting it to a valid, non-empty path.
2025-11-02T08:02:11.296822Z 0 [Warning] [MY-010918] [Server] 'default_authentication_plugin' is deprecated and will be removed in a future release. Please use authentication_policy instead.
2025-11-02T08:02:11.296858Z 0 [System] [MY-010116] [Server] E:\laragon\bin\mysql\mysql-8.0.30-winx64\bin\mysqld (mysqld 8.0.30) starting as process 14080
2025-11-02T08:02:11.350263Z 1 [System] [MY-013576] [InnoDB] InnoDB initialization has started.
2025-11-02T08:02:11.596523Z 1 [System] [MY-013577] [InnoDB] InnoDB initialization has ended.
2025-11-02T08:02:11.955469Z 0 [Warning] [MY-013829] [Server] Missing data directory for ICU regular expressions: E:\laragon\bin\mysql\mysql-8.0.30-winx64\lib\private\.
2025-11-02T08:02:11.967955Z 0 [Warning] [MY-010068] [Server] CA certificate ca.pem is self signed.
2025-11-02T08:02:11.968258Z 0 [System] [MY-013602] [Server] Channel mysql_main configured to support TLS. Encrypted connections are now supported for this channel.
2025-11-02T08:02:12.015349Z 0 [System] [MY-011323] [Server] X Plugin ready for connections. Bind-address: '::' port: 33060
2025-11-02T08:02:12.015502Z 0 [System] [MY-010931] [Server] E:\laragon\bin\mysql\mysql-8.0.30-winx64\bin\mysqld: ready for connections. Version: '8.0.30'  socket: ''  port: 3306  MySQL Community Server - GPL.
2025-11-02T16:43:44.585100Z 42 [System] [MY-013172] [Server] Received SHUTDOWN from user root. Shutting down mysqld (Version: 8.0.30).
2025-11-02T16:43:44.592775Z 0 [System] [MY-013105] [Server] E:\laragon\bin\mysql\mysql-8.0.30-winx64\bin\mysqld: Normal shutdown.
2025-11-02T16:43:45.683083Z 0 [System] [MY-010910] [Server] E:\laragon\bin\mysql\mysql-8.0.30-winx64\bin\mysqld: Shutdown complete (mysqld 8.0.30)  MySQL Community Server - GPL.
2025-11-03T14:54:27.426172Z 0 [Warning] [MY-010097] [Server] Insecure configuration for --secure-file-priv: Current value does not restrict location of generated files. Consider setting it to a valid, non-empty path.
2025-11-03T14:54:27.426226Z 0 [Warning] [MY-010918] [Server] 'default_authentication_plugin' is deprecated and will be removed in a future release. Please use authentication_policy instead.
2025-11-03T14:54:27.426262Z 0 [System] [MY-010116] [Server] E:\laragon\bin\mysql\mysql-8.0.30-winx64\bin\mysqld (mysqld 8.0.30) starting as process 13976
2025-11-03T14:54:27.451527Z 1 [System] [MY-013576] [InnoDB] InnoDB initialization has started.
2025-11-03T14:54:27.688806Z 1 [System] [MY-013577] [InnoDB] InnoDB initialization has ended.
2025-11-03T14:54:28.095989Z 0 [Warning] [MY-013829] [Server] Missing data directory for ICU regular expressions: E:\laragon\bin\mysql\mysql-8.0.30-winx64\lib\private\.
2025-11-03T14:54:28.101343Z 0 [Warning] [MY-010068] [Server] CA certificate ca.pem is self signed.
2025-11-03T14:54:28.101666Z 0 [System] [MY-013602] [Server] Channel mysql_main configured to support TLS. Encrypted connections are now supported for this channel.
2025-11-03T14:54:28.168978Z 0 [System] [MY-011323] [Server] X Plugin ready for connections. Bind-address: '::' port: 33060
2025-11-03T14:54:28.169090Z 0 [System] [MY-010931] [Server] E:\laragon\bin\mysql\mysql-8.0.30-winx64\bin\mysqld: ready for connections. Version: '8.0.30'  socket: ''  port: 3306  MySQL Community Server - GPL.
2025-11-03T14:55:50.895330Z 13 [System] [MY-013172] [Server] Received SHUTDOWN from user root. Shutting down mysqld (Version: 8.0.30).
2025-11-03T14:55:50.895858Z 0 [System] [MY-013105] [Server] E:\laragon\bin\mysql\mysql-8.0.30-winx64\bin\mysqld: Normal shutdown.
2025-11-03T14:55:51.658909Z 0 [System] [MY-010910] [Server] E:\laragon\bin\mysql\mysql-8.0.30-winx64\bin\mysqld: Shutdown complete (mysqld 8.0.30)  MySQL Community Server - GPL.
2025-11-03T16:28:42.186394Z 0 [Warning] [MY-010097] [Server] Insecure configuration for --secure-file-priv: Current value does not restrict location of generated files. Consider setting it to a valid, non-empty path.
2025-11-03T16:28:42.186449Z 0 [Warning] [MY-010918] [Server] 'default_authentication_plugin' is deprecated and will be removed in a future release. Please use authentication_policy instead.
2025-11-03T16:28:42.186485Z 0 [System] [MY-010116] [Server] E:\laragon\bin\mysql\mysql-8.0.30-winx64\bin\mysqld (mysqld 8.0.30) starting as process 7784
2025-11-03T16:28:42.209571Z 1 [System] [MY-013576] [InnoDB] InnoDB initialization has started.
2025-11-03T16:28:42.464710Z 1 [System] [MY-013577] [InnoDB] InnoDB initialization has ended.
2025-11-03T16:28:42.786689Z 0 [Warning] [MY-013829] [Server] Missing data directory for ICU regular expressions: E:\laragon\bin\mysql\mysql-8.0.30-winx64\lib\private\.
2025-11-03T16:28:42.794994Z 0 [Warning] [MY-010068] [Server] CA certificate ca.pem is self signed.
2025-11-03T16:28:42.795318Z 0 [System] [MY-013602] [Server] Channel mysql_main configured to support TLS. Encrypted connections are now supported for this channel.
2025-11-03T16:28:42.878187Z 0 [System] [MY-011323] [Server] X Plugin ready for connections. Bind-address: '::' port: 33060
2025-11-03T16:28:42.878226Z 0 [System] [MY-010931] [Server] E:\laragon\bin\mysql\mysql-8.0.30-winx64\bin\mysqld: ready for connections. Version: '8.0.30'  socket: ''  port: 3306  MySQL Community Server - GPL.
2025-11-03T16:29:10.935727Z 8 [System] [MY-013172] [Server] Received SHUTDOWN from user root. Shutting down mysqld (Version: 8.0.30).
2025-11-03T16:29:10.936438Z 0 [System] [MY-013105] [Server] E:\laragon\bin\mysql\mysql-8.0.30-winx64\bin\mysqld: Normal shutdown.
2025-11-03T16:29:12.027691Z 0 [System] [MY-010910] [Server] E:\laragon\bin\mysql\mysql-8.0.30-winx64\bin\mysqld: Shutdown complete (mysqld 8.0.30)  MySQL Community Server - GPL.
2025-11-04T07:42:42.415469Z 0 [Warning] [MY-010097] [Server] Insecure configuration for --secure-file-priv: Current value does not restrict location of generated files. Consider setting it to a valid, non-empty path.
2025-11-04T07:42:42.415540Z 0 [Warning] [MY-010918] [Server] 'default_authentication_plugin' is deprecated and will be removed in a future release. Please use authentication_policy instead.
2025-11-04T07:42:42.415577Z 0 [System] [MY-010116] [Server] E:\laragon\bin\mysql\mysql-8.0.30-winx64\bin\mysqld (mysqld 8.0.30) starting as process 16680
2025-11-04T07:42:42.444619Z 1 [System] [MY-013576] [InnoDB] InnoDB initialization has started.
2025-11-04T07:42:42.679687Z 1 [System] [MY-013577] [InnoDB] InnoDB initialization has ended.
2025-11-04T07:42:43.038336Z 0 [Warning] [MY-013829] [Server] Missing data directory for ICU regular expressions: E:\laragon\bin\mysql\mysql-8.0.30-winx64\lib\private\.
2025-11-04T07:42:43.043490Z 0 [Warning] [MY-010068] [Server] CA certificate ca.pem is self signed.
2025-11-04T07:42:43.043819Z 0 [System] [MY-013602] [Server] Channel mysql_main configured to support TLS. Encrypted connections are now supported for this channel.
2025-11-04T07:42:43.103778Z 0 [System] [MY-011323] [Server] X Plugin ready for connections. Bind-address: '::' port: 33060
2025-11-04T07:42:43.103864Z 0 [System] [MY-010931] [Server] E:\laragon\bin\mysql\mysql-8.0.30-winx64\bin\mysqld: ready for connections. Version: '8.0.30'  socket: ''  port: 3306  MySQL Community Server - GPL.
2025-11-04T17:01:31.524276Z 142 [System] [MY-013172] [Server] Received SHUTDOWN from user root. Shutting down mysqld (Version: 8.0.30).
2025-11-04T17:01:31.525455Z 0 [System] [MY-013105] [Server] E:\laragon\bin\mysql\mysql-8.0.30-winx64\bin\mysqld: Normal shutdown.
2025-11-04T17:01:34.308154Z 0 [System] [MY-010910] [Server] E:\laragon\bin\mysql\mysql-8.0.30-winx64\bin\mysqld: Shutdown complete (mysqld 8.0.30)  MySQL Community Server - GPL.
2025-11-05T05:22:31.844964Z 0 [Warning] [MY-010097] [Server] Insecure configuration for --secure-file-priv: Current value does not restrict location of generated files. Consider setting it to a valid, non-empty path.
2025-11-05T05:22:31.845019Z 0 [Warning] [MY-010918] [Server] 'default_authentication_plugin' is deprecated and will be removed in a future release. Please use authentication_policy instead.
2025-11-05T05:22:31.845133Z 0 [System] [MY-010116] [Server] E:\laragon\bin\mysql\mysql-8.0.30-winx64\bin\mysqld (mysqld 8.0.30) starting as process 12364
2025-11-05T05:22:31.881118Z 1 [System] [MY-013576] [InnoDB] InnoDB initialization has started.
2025-11-05T05:22:32.202703Z 1 [System] [MY-013577] [InnoDB] InnoDB initialization has ended.
2025-11-05T05:22:32.611161Z 0 [Warning] [MY-013829] [Server] Missing data directory for ICU regular expressions: E:\laragon\bin\mysql\mysql-8.0.30-winx64\lib\private\.
2025-11-05T05:22:32.617838Z 0 [Warning] [MY-010068] [Server] CA certificate ca.pem is self signed.
2025-11-05T05:22:32.618169Z 0 [System] [MY-013602] [Server] Channel mysql_main configured to support TLS. Encrypted connections are now supported for this channel.
2025-11-05T05:22:32.717923Z 0 [System] [MY-011323] [Server] X Plugin ready for connections. Bind-address: '::' port: 33060
2025-11-05T05:22:32.718012Z 0 [System] [MY-010931] [Server] E:\laragon\bin\mysql\mysql-8.0.30-winx64\bin\mysqld: ready for connections. Version: '8.0.30'  socket: ''  port: 3306  MySQL Community Server - GPL.
2025-11-05T16:26:06.054818Z 158 [System] [MY-013172] [Server] Received SHUTDOWN from user root. Shutting down mysqld (Version: 8.0.30).
2025-11-05T16:26:06.056620Z 0 [System] [MY-013105] [Server] E:\laragon\bin\mysql\mysql-8.0.30-winx64\bin\mysqld: Normal shutdown.
2025-11-05T16:26:06.643682Z 0 [System] [MY-010910] [Server] E:\laragon\bin\mysql\mysql-8.0.30-winx64\bin\mysqld: Shutdown complete (mysqld 8.0.30)  MySQL Community Server - GPL.
2025-11-06T04:51:38.635733Z 0 [Warning] [MY-010097] [Server] Insecure configuration for --secure-file-priv: Current value does not restrict location of generated files. Consider setting it to a valid, non-empty path.
2025-11-06T04:51:38.635796Z 0 [Warning] [MY-010918] [Server] 'default_authentication_plugin' is deprecated and will be removed in a future release. Please use authentication_policy instead.
2025-11-06T04:51:38.635835Z 0 [System] [MY-010116] [Server] E:\laragon\bin\mysql\mysql-8.0.30-winx64\bin\mysqld (mysqld 8.0.30) starting as process 9760
2025-11-06T04:51:38.658929Z 1 [System] [MY-013576] [InnoDB] InnoDB initialization has started.
2025-11-06T04:51:38.932540Z 1 [System] [MY-013577] [InnoDB] InnoDB initialization has ended.
2025-11-06T04:51:39.339978Z 0 [Warning] [MY-013829] [Server] Missing data directory for ICU regular expressions: E:\laragon\bin\mysql\mysql-8.0.30-winx64\lib\private\.
2025-11-06T04:51:39.344740Z 0 [Warning] [MY-010068] [Server] CA certificate ca.pem is self signed.
2025-11-06T04:51:39.345070Z 0 [System] [MY-013602] [Server] Channel mysql_main configured to support TLS. Encrypted connections are now supported for this channel.
2025-11-06T04:51:39.392082Z 0 [System] [MY-011323] [Server] X Plugin ready for connections. Bind-address: '::' port: 33060
2025-11-06T04:51:39.392274Z 0 [System] [MY-010931] [Server] E:\laragon\bin\mysql\mysql-8.0.30-winx64\bin\mysqld: ready for connections. Version: '8.0.30'  socket: ''  port: 3306  MySQL Community Server - GPL.
2025-11-06T06:37:37.288660Z 0 [Warning] [MY-010097] [Server] Insecure configuration for --secure-file-priv: Current value does not restrict location of generated files. Consider setting it to a valid, non-empty path.
2025-11-06T06:37:37.288717Z 0 [Warning] [MY-010918] [Server] 'default_authentication_plugin' is deprecated and will be removed in a future release. Please use authentication_policy instead.
2025-11-06T06:37:37.288754Z 0 [System] [MY-010116] [Server] E:\laragon\bin\mysql\mysql-8.0.30-winx64\bin\mysqld (mysqld 8.0.30) starting as process 8040
2025-11-06T06:37:37.313458Z 1 [System] [MY-013576] [InnoDB] InnoDB initialization has started.
2025-11-06T06:37:37.733708Z 1 [System] [MY-013577] [InnoDB] InnoDB initialization has ended.
2025-11-06T06:37:38.022346Z 0 [System] [MY-010229] [Server] Starting XA crash recovery...
2025-11-06T06:37:38.027457Z 0 [System] [MY-010232] [Server] XA crash recovery finished.
2025-11-06T06:37:38.052260Z 0 [Warning] [MY-013829] [Server] Missing data directory for ICU regular expressions: E:\laragon\bin\mysql\mysql-8.0.30-winx64\lib\private\.
2025-11-06T06:37:38.056493Z 0 [Warning] [MY-010068] [Server] CA certificate ca.pem is self signed.
2025-11-06T06:37:38.056829Z 0 [System] [MY-013602] [Server] Channel mysql_main configured to support TLS. Encrypted connections are now supported for this channel.
2025-11-06T06:37:38.156970Z 0 [System] [MY-011323] [Server] X Plugin ready for connections. Bind-address: '::' port: 33060
2025-11-06T06:37:38.157031Z 0 [System] [MY-010931] [Server] E:\laragon\bin\mysql\mysql-8.0.30-winx64\bin\mysqld: ready for connections. Version: '8.0.30'  socket: ''  port: 3306  MySQL Community Server - GPL.
2025-11-06T08:39:01.046936Z 100 [System] [MY-013172] [Server] Received SHUTDOWN from user root. Shutting down mysqld (Version: 8.0.30).
2025-11-06T08:39:01.048162Z 0 [System] [MY-013105] [Server] E:\laragon\bin\mysql\mysql-8.0.30-winx64\bin\mysqld: Normal shutdown.
2025-11-06T08:39:03.064239Z 0 [Warning] [MY-010909] [Server] E:\laragon\bin\mysql\mysql-8.0.30-winx64\bin\mysqld: Forcing close of thread 8  user: 'root'.
2025-11-06T08:39:04.203846Z 0 [System] [MY-010910] [Server] E:\laragon\bin\mysql\mysql-8.0.30-winx64\bin\mysqld: Shutdown complete (mysqld 8.0.30)  MySQL Community Server - GPL.
2025-11-06T14:46:36.489666Z 0 [Warning] [MY-010097] [Server] Insecure configuration for --secure-file-priv: Current value does not restrict location of generated files. Consider setting it to a valid, non-empty path.
2025-11-06T14:46:36.489745Z 0 [Warning] [MY-010918] [Server] 'default_authentication_plugin' is deprecated and will be removed in a future release. Please use authentication_policy instead.
2025-11-06T14:46:36.489788Z 0 [System] [MY-010116] [Server] E:\laragon\bin\mysql\mysql-8.0.30-winx64\bin\mysqld (mysqld 8.0.30) starting as process 7824
2025-11-06T14:46:36.513934Z 1 [System] [MY-013576] [InnoDB] InnoDB initialization has started.
2025-11-06T14:46:36.743268Z 1 [System] [MY-013577] [InnoDB] InnoDB initialization has ended.
2025-11-06T14:46:37.043367Z 0 [Warning] [MY-013829] [Server] Missing data directory for ICU regular expressions: E:\laragon\bin\mysql\mysql-8.0.30-winx64\lib\private\.
2025-11-06T14:46:37.052338Z 0 [Warning] [MY-010068] [Server] CA certificate ca.pem is self signed.
2025-11-06T14:46:37.052703Z 0 [System] [MY-013602] [Server] Channel mysql_main configured to support TLS. Encrypted connections are now supported for this channel.
2025-11-06T14:46:37.107096Z 0 [System] [MY-011323] [Server] X Plugin ready for connections. Bind-address: '::' port: 33060
2025-11-06T14:46:37.107287Z 0 [System] [MY-010931] [Server] E:\laragon\bin\mysql\mysql-8.0.30-winx64\bin\mysqld: ready for connections. Version: '8.0.30'  socket: ''  port: 3306  MySQL Community Server - GPL.
2025-11-06T14:46:42.746525Z 8 [System] [MY-013172] [Server] Received SHUTDOWN from user root. Shutting down mysqld (Version: 8.0.30).
2025-11-06T14:46:42.747226Z 0 [System] [MY-013105] [Server] E:\laragon\bin\mysql\mysql-8.0.30-winx64\bin\mysqld: Normal shutdown.
2025-11-06T14:46:43.111721Z 0 [System] [MY-010910] [Server] E:\laragon\bin\mysql\mysql-8.0.30-winx64\bin\mysqld: Shutdown complete (mysqld 8.0.30)  MySQL Community Server - GPL.
2025-11-06T16:20:16.947329Z 0 [Warning] [MY-010097] [Server] Insecure configuration for --secure-file-priv: Current value does not restrict location of generated files. Consider setting it to a valid, non-empty path.
2025-11-06T16:20:16.948012Z 0 [Warning] [MY-010918] [Server] 'default_authentication_plugin' is deprecated and will be removed in a future release. Please use authentication_policy instead.
2025-11-06T16:20:16.948053Z 0 [System] [MY-010116] [Server] E:\laragon\bin\mysql\mysql-8.0.30-winx64\bin\mysqld (mysqld 8.0.30) starting as process 6232
2025-11-06T16:20:16.995617Z 1 [System] [MY-013576] [InnoDB] InnoDB initialization has started.
2025-11-06T16:20:17.199618Z 1 [System] [MY-013577] [InnoDB] InnoDB initialization has ended.
2025-11-06T16:20:17.595744Z 0 [Warning] [MY-013829] [Server] Missing data directory for ICU regular expressions: E:\laragon\bin\mysql\mysql-8.0.30-winx64\lib\private\.
2025-11-06T16:20:17.606748Z 0 [Warning] [MY-010068] [Server] CA certificate ca.pem is self signed.
2025-11-06T16:20:17.607063Z 0 [System] [MY-013602] [Server] Channel mysql_main configured to support TLS. Encrypted connections are now supported for this channel.
2025-11-06T16:20:17.661203Z 0 [System] [MY-011323] [Server] X Plugin ready for connections. Bind-address: '::' port: 33060
2025-11-06T16:20:17.661334Z 0 [System] [MY-010931] [Server] E:\laragon\bin\mysql\mysql-8.0.30-winx64\bin\mysqld: ready for connections. Version: '8.0.30'  socket: ''  port: 3306  MySQL Community Server - GPL.
2025-11-06T16:20:31.328196Z 9 [System] [MY-013172] [Server] Received SHUTDOWN from user root. Shutting down mysqld (Version: 8.0.30).
2025-11-06T16:20:31.328797Z 0 [System] [MY-013105] [Server] E:\laragon\bin\mysql\mysql-8.0.30-winx64\bin\mysqld: Normal shutdown.
2025-11-06T16:20:31.693271Z 0 [System] [MY-010910] [Server] E:\laragon\bin\mysql\mysql-8.0.30-winx64\bin\mysqld: Shutdown complete (mysqld 8.0.30)  MySQL Community Server - GPL.
2025-11-07T07:41:24.694936Z 0 [Warning] [MY-010097] [Server] Insecure configuration for --secure-file-priv: Current value does not restrict location of generated files. Consider setting it to a valid, non-empty path.
2025-11-07T07:41:24.695567Z 0 [Warning] [MY-010918] [Server] 'default_authentication_plugin' is deprecated and will be removed in a future release. Please use authentication_policy instead.
2025-11-07T07:41:24.695609Z 0 [System] [MY-010116] [Server] E:\laragon\bin\mysql\mysql-8.0.30-winx64\bin\mysqld (mysqld 8.0.30) starting as process 6840
2025-11-07T07:41:24.744695Z 1 [System] [MY-013576] [InnoDB] InnoDB initialization has started.
2025-11-07T07:41:24.993019Z 1 [System] [MY-013577] [InnoDB] InnoDB initialization has ended.
2025-11-07T07:41:25.336798Z 0 [Warning] [MY-013829] [Server] Missing data directory for ICU regular expressions: E:\laragon\bin\mysql\mysql-8.0.30-winx64\lib\private\.
2025-11-07T07:41:25.348479Z 0 [Warning] [MY-010068] [Server] CA certificate ca.pem is self signed.
2025-11-07T07:41:25.348779Z 0 [System] [MY-013602] [Server] Channel mysql_main configured to support TLS. Encrypted connections are now supported for this channel.
2025-11-07T07:41:25.388890Z 0 [System] [MY-011323] [Server] X Plugin ready for connections. Bind-address: '::' port: 33060
2025-11-07T07:41:25.389040Z 0 [System] [MY-010931] [Server] E:\laragon\bin\mysql\mysql-8.0.30-winx64\bin\mysqld: ready for connections. Version: '8.0.30'  socket: ''  port: 3306  MySQL Community Server - GPL.
2025-11-07T17:38:03.048388Z 151 [System] [MY-013172] [Server] Received SHUTDOWN from user root. Shutting down mysqld (Version: 8.0.30).
2025-11-07T17:38:03.049546Z 0 [System] [MY-013105] [Server] E:\laragon\bin\mysql\mysql-8.0.30-winx64\bin\mysqld: Normal shutdown.
2025-11-07T17:38:03.595567Z 0 [System] [MY-010910] [Server] E:\laragon\bin\mysql\mysql-8.0.30-winx64\bin\mysqld: Shutdown complete (mysqld 8.0.30)  MySQL Community Server - GPL.
2025-11-08T03:45:15.805466Z 0 [Warning] [MY-010097] [Server] Insecure configuration for --secure-file-priv: Current value does not restrict location of generated files. Consider setting it to a valid, non-empty path.
2025-11-08T03:45:15.806063Z 0 [Warning] [MY-010918] [Server] 'default_authentication_plugin' is deprecated and will be removed in a future release. Please use authentication_policy instead.
2025-11-08T03:45:15.806101Z 0 [System] [MY-010116] [Server] E:\laragon\bin\mysql\mysql-8.0.30-winx64\bin\mysqld (mysqld 8.0.30) starting as process 4136
2025-11-08T03:45:15.850811Z 1 [System] [MY-013576] [InnoDB] InnoDB initialization has started.
2025-11-08T03:45:16.088026Z 1 [System] [MY-013577] [InnoDB] InnoDB initialization has ended.
2025-11-08T03:45:16.455000Z 0 [Warning] [MY-013829] [Server] Missing data directory for ICU regular expressions: E:\laragon\bin\mysql\mysql-8.0.30-winx64\lib\private\.
2025-11-08T03:45:16.478176Z 0 [Warning] [MY-010068] [Server] CA certificate ca.pem is self signed.
2025-11-08T03:45:16.478659Z 0 [System] [MY-013602] [Server] Channel mysql_main configured to support TLS. Encrypted connections are now supported for this channel.
2025-11-08T03:45:16.528987Z 0 [System] [MY-011323] [Server] X Plugin ready for connections. Bind-address: '::' port: 33060
2025-11-08T03:45:16.529136Z 0 [System] [MY-010931] [Server] E:\laragon\bin\mysql\mysql-8.0.30-winx64\bin\mysqld: ready for connections. Version: '8.0.30'  socket: ''  port: 3306  MySQL Community Server - GPL.
2025-11-08T16:40:33.500281Z 450 [System] [MY-013172] [Server] Received SHUTDOWN from user root. Shutting down mysqld (Version: 8.0.30).
2025-11-08T16:40:33.501712Z 0 [System] [MY-013105] [Server] E:\laragon\bin\mysql\mysql-8.0.30-winx64\bin\mysqld: Normal shutdown.
2025-11-08T16:40:34.771702Z 0 [System] [MY-010910] [Server] E:\laragon\bin\mysql\mysql-8.0.30-winx64\bin\mysqld: Shutdown complete (mysqld 8.0.30)  MySQL Community Server - GPL.
